2019-12-04 22:18:51,058 : INFO : Machine : Mission Pinball Framework Core Engine v0.52.7
2019-12-04 22:18:51,058 : INFO : Machine : Command line arguments: {'no_load_cache': False, 'create_config_cache': True, 'bcp': False, 'configfile': ['config.yaml'], 'mpfconfigfile': '/usr/local/lib/python3.7/dist-packages/mpf/mpfconfig.yaml', 'force_assets_load': False, 'jsonlogging': False, 'logfile': 'logs/2019-12-04-22-18-51-mpf-raspberrypi.log', 'pause': False, 'production': False, 'text_ui': True, 'loglevel': 15, 'consoleloglevel': 20, 'force_platform': 'smart_virtual', 'syslog_address': None, 'mc_file_name': None, 'no_sound': False}
2019-12-04 22:18:51,059 : INFO : Machine : MPF path: /usr/local/lib/python3.7/dist-packages/mpf
2019-12-04 22:18:51,059 : INFO : Machine : Machine path: /home/pi/HotTipEM
2019-12-04 22:18:51,059 : INFO : Machine : Platform: linux
2019-12-04 22:18:51,059 : INFO : Machine : Python executable location: /usr/bin/python3
2019-12-04 22:18:51,059 : INFO : Machine : Python version: 3.7.3 (32-bit)
2019-12-04 22:18:51,059 : INFO : Machine : Machine config file #1: config.yaml
2019-12-04 22:18:51,061 : WARNING : ConfigProcessor : Cache file not found: /tmp/97a0759ee607251f80db56c9576ff30a.mpf_cache
2019-12-04 22:18:51,061 : INFO : ConfigProcessor : Loading config from file /usr/local/lib/python3.7/dist-packages/mpf/mpfconfig.yaml.
2019-12-04 22:18:51,291 : INFO : ConfigProcessor : Loading config: /usr/local/lib/python3.7/dist-packages/mpf/mpfconfig.yaml
2019-12-04 22:18:52,391 : INFO : ConfigValidator : Config spec file cache created: /tmp/config_spec.mpf_cache
2019-12-04 22:18:52,414 : INFO : ConfigProcessor : Loading config from file /home/pi/HotTipEM/config/config.yaml.
2019-12-04 22:18:52,454 : INFO : ConfigProcessor : Loading config: /home/pi/HotTipEM/config/config.yaml
2019-12-04 22:18:52,497 : INFO : ConfigProcessor : Loading config: /home/pi/HotTipEM/config/switches.yaml
2019-12-04 22:18:52,505 : INFO : ConfigProcessor : Loading config: /home/pi/HotTipEM/config/keyboard.yaml
2019-12-04 22:18:52,510 : INFO : ConfigProcessor : Config file cache created: /tmp/97a0759ee607251f80db56c9576ff30a.mpf_cache
2019-12-04 22:18:52,512 : INFO : Machine : Initialise MPF.
2019-12-04 22:18:52,735 : INFO : EventManager : Event: ======'machine_var_credits_string'====== Args={'value': 'FREE PLAY', 'prev_value': None, 'change': True}
2019-12-04 22:18:52,828 : INFO : EventManager : Event: ======'machine_var_mpf_version'====== Args={'value': 'MPF v0.52.7', 'prev_value': None, 'change': True}
2019-12-04 22:18:52,828 : INFO : EventManager : Event: ======'machine_var_mpf_extended_version'====== Args={'value': 'MPF v0.52.7, Config version:5, Show version: 5, BCP version:1.1', 'prev_value': None, 'change': True}
2019-12-04 22:18:52,829 : INFO : EventManager : Event: ======'machine_var_python_version'====== Args={'value': '3.7.3', 'prev_value': None, 'change': True}
2019-12-04 22:18:52,832 : INFO : EventManager : Event: ======'machine_var_platform'====== Args={'value': 'Linux-4.19.75-v7l+-armv7l-with-debian-10.2', 'prev_value': None, 'change': True}
2019-12-04 22:18:52,832 : INFO : EventManager : Event: ======'machine_var_platform_system'====== Args={'value': 'Linux', 'prev_value': None, 'change': True}
2019-12-04 22:18:52,832 : INFO : EventManager : Event: ======'machine_var_platform_release'====== Args={'value': '4.19.75-v7l+', 'prev_value': None, 'change': True}
2019-12-04 22:18:52,832 : INFO : EventManager : Event: ======'machine_var_platform_version'====== Args={'value': '#1270 SMP Tue Sep 24 18:51:41 BST 2019', 'prev_value': None, 'change': True}
2019-12-04 22:18:52,832 : INFO : EventManager : Event: ======'machine_var_platform_machine'====== Args={'value': 'armv7l', 'prev_value': None, 'change': True}
2019-12-04 22:18:52,832 : INFO : EventManager : Event: ======'init_phase_1'====== Args={}
2019-12-04 22:18:52,910 : WARNING : ConfigProcessor : Cache file not found: /tmp/7559345efe69122f4d6fb5f65214b482.mpf_cache
2019-12-04 22:18:52,910 : INFO : ConfigProcessor : Loading config from file /usr/local/lib/python3.7/dist-packages/mpf/modes/game/config/game.yaml.
2019-12-04 22:18:52,916 : INFO : ConfigProcessor : Loading config: /usr/local/lib/python3.7/dist-packages/mpf/modes/game/config/game.yaml
2019-12-04 22:18:52,917 : INFO : ConfigProcessor : Config file cache created: /tmp/7559345efe69122f4d6fb5f65214b482.mpf_cache
2019-12-04 22:18:52,934 : WARNING : ConfigProcessor : Cache file not found: /tmp/0488c24d6cb11f71168a087186f8afaf.mpf_cache
2019-12-04 22:18:52,934 : INFO : ConfigProcessor : Loading config from file /usr/local/lib/python3.7/dist-packages/mpf/modes/attract/config/attract.yaml.
2019-12-04 22:18:52,940 : INFO : ConfigProcessor : Loading config: /usr/local/lib/python3.7/dist-packages/mpf/modes/attract/config/attract.yaml
2019-12-04 22:18:52,940 : INFO : ConfigProcessor : Config file cache created: /tmp/0488c24d6cb11f71168a087186f8afaf.mpf_cache
2019-12-04 22:18:52,995 : INFO : EventManager : Event: ======'init_phase_2'====== Args={}
2019-12-04 22:18:52,996 : INFO : SwitchController : Found active switch: (1002, <Platform.SmartVirtual>)
2019-12-04 22:18:53,022 : INFO : EventManager : Event: ======'init_phase_3'====== Args={}
2019-12-04 22:18:53,038 : INFO : EventManager : Event: ======'init_phase_4'====== Args={}
2019-12-04 22:18:53,042 : INFO : EventManager : Event: ======'machine_var_audits_switches_s_left_flipper'====== Args={'value': 0, 'prev_value': None, 'change': True}
2019-12-04 22:18:53,042 : INFO : EventManager : Event: ======'machine_var_audits_switches_s_right_flipper'====== Args={'value': 0, 'prev_value': None, 'change': True}
2019-12-04 22:18:53,042 : INFO : EventManager : Event: ======'machine_var_audits_switches_s_outhole'====== Args={'value': 0, 'prev_value': None, 'change': True}
2019-12-04 22:18:53,043 : INFO : EventManager : Event: ======'machine_var_audits_switches_s_right_inlane'====== Args={'value': 0, 'prev_value': None, 'change': True}
2019-12-04 22:18:53,043 : INFO : EventManager : Event: ======'machine_var_audits_switches_s_left_inlane'====== Args={'value': 0, 'prev_value': None, 'change': True}
2019-12-04 22:18:53,043 : INFO : EventManager : Event: ======'machine_var_audits_switches_s_right_outlane'====== Args={'value': 0, 'prev_value': None, 'change': True}
2019-12-04 22:18:53,043 : INFO : EventManager : Event: ======'machine_var_audits_switches_s_left_outlane'====== Args={'value': 0, 'prev_value': None, 'change': True}
2019-12-04 22:18:53,043 : INFO : EventManager : Event: ======'machine_var_audits_switches_s_left_slingshot'====== Args={'value': 0, 'prev_value': None, 'change': True}
2019-12-04 22:18:53,043 : INFO : EventManager : Event: ======'machine_var_audits_switches_s_right_slingshot'====== Args={'value': 0, 'prev_value': None, 'change': True}
2019-12-04 22:18:53,044 : INFO : EventManager : Event: ======'machine_var_audits_switches_s_captive_ball_rollover'====== Args={'value': 0, 'prev_value': None, 'change': True}
2019-12-04 22:18:53,044 : INFO : EventManager : Event: ======'machine_var_audits_switches_s_captive_ball_target'====== Args={'value': 0, 'prev_value': None, 'change': True}
2019-12-04 22:18:53,044 : INFO : EventManager : Event: ======'machine_var_audits_switches_s_drop_l_1'====== Args={'value': 0, 'prev_value': None, 'change': True}
2019-12-04 22:18:53,044 : INFO : EventManager : Event: ======'machine_var_audits_switches_s_drop_l_2'====== Args={'value': 0, 'prev_value': None, 'change': True}
2019-12-04 22:18:53,044 : INFO : EventManager : Event: ======'machine_var_audits_switches_s_drop_l_3'====== Args={'value': 0, 'prev_value': None, 'change': True}
2019-12-04 22:18:53,044 : INFO : EventManager : Event: ======'machine_var_audits_switches_s_drop_r_1'====== Args={'value': 0, 'prev_value': None, 'change': True}
2019-12-04 22:18:53,045 : INFO : EventManager : Event: ======'machine_var_audits_switches_s_drop_r_2'====== Args={'value': 0, 'prev_value': None, 'change': True}
2019-12-04 22:18:53,045 : INFO : EventManager : Event: ======'machine_var_audits_switches_s_drop_r_3'====== Args={'value': 0, 'prev_value': None, 'change': True}
2019-12-04 22:18:53,045 : INFO : EventManager : Event: ======'machine_var_audits_switches_s_upper_rebound_left'====== Args={'value': 0, 'prev_value': None, 'change': True}
2019-12-04 22:18:53,045 : INFO : EventManager : Event: ======'machine_var_audits_switches_s_upper_rebound_right'====== Args={'value': 0, 'prev_value': None, 'change': True}
2019-12-04 22:18:53,045 : INFO : EventManager : Event: ======'machine_var_audits_switches_s_lower_rebound_right'====== Args={'value': 0, 'prev_value': None, 'change': True}
2019-12-04 22:18:53,045 : INFO : EventManager : Event: ======'machine_var_audits_switches_s_advance_bonus_standup'====== Args={'value': 0, 'prev_value': None, 'change': True}
2019-12-04 22:18:53,045 : INFO : EventManager : Event: ======'machine_var_audits_switches_s_top_saucer'====== Args={'value': 0, 'prev_value': None, 'change': True}
2019-12-04 22:18:53,046 : INFO : EventManager : Event: ======'machine_var_audits_switches_s_left_top_rollover'====== Args={'value': 0, 'prev_value': None, 'change': True}
2019-12-04 22:18:53,046 : INFO : EventManager : Event: ======'machine_var_audits_switches_s_middle_left_rebound'====== Args={'value': 0, 'prev_value': None, 'change': True}
2019-12-04 22:18:53,046 : INFO : EventManager : Event: ======'machine_var_audits_switches_s_left_saucer'====== Args={'value': 0, 'prev_value': None, 'change': True}
2019-12-04 22:18:53,046 : INFO : EventManager : Event: ======'machine_var_audits_switches_s_spinner'====== Args={'value': 0, 'prev_value': None, 'change': True}
2019-12-04 22:18:53,046 : INFO : EventManager : Event: ======'machine_var_audits_switches_s_pop'====== Args={'value': 0, 'prev_value': None, 'change': True}
2019-12-04 22:18:53,046 : INFO : EventManager : Event: ======'machine_var_audits_switches_s_lower_rebound_left'====== Args={'value': 0, 'prev_value': None, 'change': True}
2019-12-04 22:18:53,047 : INFO : EventManager : Event: ======'machine_var_audits_switches_s_drop_six_bank'====== Args={'value': 0, 'prev_value': None, 'change': True}
2019-12-04 22:18:53,047 : INFO : EventManager : Event: ======'machine_var_audits_switches_s_credit_button'====== Args={'value': 0, 'prev_value': None, 'change': True}
2019-12-04 22:18:53,047 : INFO : EventManager : Event: ======'machine_var_audits_switches_s_right_coin'====== Args={'value': 0, 'prev_value': None, 'change': True}
2019-12-04 22:18:53,047 : INFO : EventManager : Event: ======'machine_var_audits_switches_s_center_coin'====== Args={'value': 0, 'prev_value': None, 'change': True}
2019-12-04 22:18:53,047 : INFO : EventManager : Event: ======'machine_var_audits_switches_s_left_coin'====== Args={'value': 0, 'prev_value': None, 'change': True}
2019-12-04 22:18:53,047 : INFO : EventManager : Event: ======'machine_var_audits_switches_s_plumb_bomb_tilt'====== Args={'value': 0, 'prev_value': None, 'change': True}
2019-12-04 22:18:53,048 : INFO : EventManager : Event: ======'machine_var_audits_switches_s_ball_roll_tilt'====== Args={'value': 0, 'prev_value': None, 'change': True}
2019-12-04 22:18:53,048 : INFO : EventManager : Event: ======'machine_var_audits_switches_s_slam_tilt'====== Args={'value': 0, 'prev_value': None, 'change': True}
2019-12-04 22:18:53,048 : INFO : EventManager : Event: ======'machine_var_audits_switches_s_playfield_tilt'====== Args={'value': 0, 'prev_value': None, 'change': True}
2019-12-04 22:18:53,048 : INFO : EventManager : Event: ======'machine_var_audits_player_score'====== Args={'value': {'top': [], 'average': 0, 'total': 0}, 'prev_value': None, 'change': True}
2019-12-04 22:18:53,049 : INFO : EventManager : Event: ======'init_phase_5'====== Args={}
2019-12-04 22:18:53,051 : INFO : EventManager : Event: ======'init_done'====== Args={}
2019-12-04 22:18:53,051 : INFO : EventManager : Event: ======'machine_reset_phase_1'====== Args={}
2019-12-04 22:18:53,052 : INFO : EventManager : Event: ======'machine_reset_phase_2'====== Args={}
2019-12-04 22:18:53,052 : INFO : EventManager : Event: ======'machine_reset_phase_3'====== Args={}
2019-12-04 22:18:53,054 : INFO : EventManager : Event: ======'reset_complete'====== Args={}
2019-12-04 22:18:53,054 : INFO : EventManager : Event: ======'mode_attract_will_start'====== Args={}
2019-12-04 22:18:53,056 : INFO : EventManager : Event: ======'mode_attract_starting'====== Args={}
2019-12-04 22:18:53,056 : INFO : Mode.attract : Started. Priority: 10
2019-12-04 22:18:53,057 : INFO : EventManager : Event: ======'mode_attract_started'====== Args={}
2019-12-04 22:18:53,058 : INFO : EventManager : Event: ======'collecting_balls_complete'====== Args={}
2019-12-04 22:18:53,059 : INFO : Machine : Starting the main run loop.
2019-12-04 22:19:01,423 : INFO : root : MPF run loop ended.
