2019-12-04 21:25:01,752 : INFO : Machine : Mission Pinball Framework Core Engine v0.52.7
2019-12-04 21:25:01,752 : INFO : Machine : Command line arguments: {'no_load_cache': False, 'create_config_cache': True, 'bcp': False, 'configfile': ['config.yaml'], 'mpfconfigfile': '/usr/local/lib/python3.7/dist-packages/mpf/mpfconfig.yaml', 'force_assets_load': False, 'jsonlogging': False, 'logfile': 'logs/2019-12-04-21-25-01-mpf-raspberrypi.log', 'pause': False, 'production': False, 'text_ui': True, 'loglevel': 15, 'consoleloglevel': 20, 'force_platform': 'smart_virtual', 'syslog_address': None, 'mc_file_name': None, 'no_sound': False}
2019-12-04 21:25:01,752 : INFO : Machine : MPF path: /usr/local/lib/python3.7/dist-packages/mpf
2019-12-04 21:25:01,752 : INFO : Machine : Machine path: /home/pi/HotTipEM
2019-12-04 21:25:01,753 : INFO : Machine : Platform: linux
2019-12-04 21:25:01,753 : INFO : Machine : Python executable location: /usr/bin/python3
2019-12-04 21:25:01,753 : INFO : Machine : Python version: 3.7.3 (32-bit)
2019-12-04 21:25:01,753 : INFO : Machine : Machine config file #1: config.yaml
2019-12-04 21:25:01,755 : INFO : ConfigProcessor : Loading config from cache: /tmp/97a0759ee607251f80db56c9576ff30a.mpf_cache
2019-12-04 21:25:01,757 : INFO : Machine : Initialise MPF.
2019-12-04 21:25:01,896 : INFO : EventManager : Event: ======'machine_var_credits_string'====== Args={'value': 'FREE PLAY', 'prev_value': None, 'change': True}
2019-12-04 21:25:01,957 : INFO : EventManager : Event: ======'machine_var_mpf_version'====== Args={'value': 'MPF v0.52.7', 'prev_value': None, 'change': True}
2019-12-04 21:25:01,958 : INFO : EventManager : Event: ======'machine_var_mpf_extended_version'====== Args={'value': 'MPF v0.52.7, Config version:5, Show version: 5, BCP version:1.1', 'prev_value': None, 'change': True}
2019-12-04 21:25:01,958 : INFO : EventManager : Event: ======'machine_var_python_version'====== Args={'value': '3.7.3', 'prev_value': None, 'change': True}
2019-12-04 21:25:01,960 : INFO : EventManager : Event: ======'machine_var_platform'====== Args={'value': 'Linux-4.19.75-v7l+-armv7l-with-debian-10.2', 'prev_value': None, 'change': True}
2019-12-04 21:25:01,960 : INFO : EventManager : Event: ======'machine_var_platform_system'====== Args={'value': 'Linux', 'prev_value': None, 'change': True}
2019-12-04 21:25:01,960 : INFO : EventManager : Event: ======'machine_var_platform_release'====== Args={'value': '4.19.75-v7l+', 'prev_value': None, 'change': True}
2019-12-04 21:25:01,960 : INFO : EventManager : Event: ======'machine_var_platform_version'====== Args={'value': '#1270 SMP Tue Sep 24 18:51:41 BST 2019', 'prev_value': None, 'change': True}
2019-12-04 21:25:01,961 : INFO : EventManager : Event: ======'machine_var_platform_machine'====== Args={'value': 'armv7l', 'prev_value': None, 'change': True}
2019-12-04 21:25:01,961 : INFO : EventManager : Event: ======'init_phase_1'====== Args={}
2019-12-04 21:25:02,032 : INFO : ConfigProcessor : Loading config from cache: /tmp/0488c24d6cb11f71168a087186f8afaf.mpf_cache
2019-12-04 21:25:02,040 : INFO : ConfigProcessor : Loading config from cache: /tmp/7559345efe69122f4d6fb5f65214b482.mpf_cache
2019-12-04 21:25:02,088 : INFO : EventManager : Event: ======'init_phase_2'====== Args={}
2019-12-04 21:25:02,089 : INFO : SwitchController : Found active switch: (1002, <Platform.SmartVirtual>)
2019-12-04 21:25:02,111 : INFO : EventManager : Event: ======'init_phase_3'====== Args={}
2019-12-04 21:25:02,128 : INFO : EventManager : Event: ======'init_phase_4'====== Args={}
2019-12-04 21:25:02,130 : ERROR : asyncio : Task exception was never retrieved
future: <Task finished coro=<BcpServer.start() done, defined at /usr/local/lib/python3.7/dist-packages/mpf/core/bcp/bcp_server.py:23> exception=OSError(98, "error while attempting to bind on address ('127.0.0.1', 5051): address already in use")>
Traceback (most recent call last):
  File "/usr/local/lib/python3.7/dist-packages/mpf/core/bcp/bcp_server.py", line 27, in start
    self._accept_client, self._ip, self._port)
  File "/usr/lib/python3.7/asyncio/streams.py", line 114, in start_server
    return await loop.create_server(factory, host, port, **kwds)
  File "/usr/lib/python3.7/asyncio/base_events.py", line 1378, in create_server
    % (sa, err.strerror.lower())) from None
OSError: [Errno 98] error while attempting to bind on address ('127.0.0.1', 5051): address already in use
2019-12-04 21:25:02,135 : INFO : EventManager : Event: ======'machine_var_audits_switches_s_left_flipper'====== Args={'value': 0, 'prev_value': None, 'change': True}
2019-12-04 21:25:02,135 : INFO : EventManager : Event: ======'machine_var_audits_switches_s_right_flipper'====== Args={'value': 0, 'prev_value': None, 'change': True}
2019-12-04 21:25:02,135 : INFO : EventManager : Event: ======'machine_var_audits_switches_s_outhole'====== Args={'value': 0, 'prev_value': None, 'change': True}
2019-12-04 21:25:02,135 : INFO : EventManager : Event: ======'machine_var_audits_switches_s_right_inlane'====== Args={'value': 0, 'prev_value': None, 'change': True}
2019-12-04 21:25:02,136 : INFO : EventManager : Event: ======'machine_var_audits_switches_s_left_inlane'====== Args={'value': 0, 'prev_value': None, 'change': True}
2019-12-04 21:25:02,136 : INFO : EventManager : Event: ======'machine_var_audits_switches_s_right_outlane'====== Args={'value': 0, 'prev_value': None, 'change': True}
2019-12-04 21:25:02,136 : INFO : EventManager : Event: ======'machine_var_audits_switches_s_left_outlane'====== Args={'value': 0, 'prev_value': None, 'change': True}
2019-12-04 21:25:02,136 : INFO : EventManager : Event: ======'machine_var_audits_switches_s_left_slingshot'====== Args={'value': 0, 'prev_value': None, 'change': True}
2019-12-04 21:25:02,136 : INFO : EventManager : Event: ======'machine_var_audits_switches_s_right_slingshot'====== Args={'value': 0, 'prev_value': None, 'change': True}
2019-12-04 21:25:02,136 : INFO : EventManager : Event: ======'machine_var_audits_switches_s_captive_ball_rollover'====== Args={'value': 0, 'prev_value': None, 'change': True}
2019-12-04 21:25:02,136 : INFO : EventManager : Event: ======'machine_var_audits_switches_s_captive_ball_target'====== Args={'value': 0, 'prev_value': None, 'change': True}
2019-12-04 21:25:02,137 : INFO : EventManager : Event: ======'machine_var_audits_switches_s_drop_l_1'====== Args={'value': 0, 'prev_value': None, 'change': True}
2019-12-04 21:25:02,137 : INFO : EventManager : Event: ======'machine_var_audits_switches_s_drop_l_2'====== Args={'value': 0, 'prev_value': None, 'change': True}
2019-12-04 21:25:02,137 : INFO : EventManager : Event: ======'machine_var_audits_switches_s_drop_l_3'====== Args={'value': 0, 'prev_value': None, 'change': True}
2019-12-04 21:25:02,137 : INFO : EventManager : Event: ======'machine_var_audits_switches_s_drop_r_1'====== Args={'value': 0, 'prev_value': None, 'change': True}
2019-12-04 21:25:02,137 : INFO : EventManager : Event: ======'machine_var_audits_switches_s_drop_r_2'====== Args={'value': 0, 'prev_value': None, 'change': True}
2019-12-04 21:25:02,137 : INFO : EventManager : Event: ======'machine_var_audits_switches_s_drop_r_3'====== Args={'value': 0, 'prev_value': None, 'change': True}
2019-12-04 21:25:02,138 : INFO : EventManager : Event: ======'machine_var_audits_switches_s_upper_rebound_left'====== Args={'value': 0, 'prev_value': None, 'change': True}
2019-12-04 21:25:02,138 : INFO : EventManager : Event: ======'machine_var_audits_switches_s_upper_rebound_right'====== Args={'value': 0, 'prev_value': None, 'change': True}
2019-12-04 21:25:02,138 : INFO : EventManager : Event: ======'machine_var_audits_switches_s_lower_rebound_right'====== Args={'value': 0, 'prev_value': None, 'change': True}
2019-12-04 21:25:02,138 : INFO : EventManager : Event: ======'machine_var_audits_switches_s_advance_bonus_standup'====== Args={'value': 0, 'prev_value': None, 'change': True}
2019-12-04 21:25:02,138 : INFO : EventManager : Event: ======'machine_var_audits_switches_s_top_saucer'====== Args={'value': 0, 'prev_value': None, 'change': True}
2019-12-04 21:25:02,138 : INFO : EventManager : Event: ======'machine_var_audits_switches_s_left_top_rollover'====== Args={'value': 0, 'prev_value': None, 'change': True}
2019-12-04 21:25:02,138 : INFO : EventManager : Event: ======'machine_var_audits_switches_s_middle_left_rebound'====== Args={'value': 0, 'prev_value': None, 'change': True}
2019-12-04 21:25:02,138 : INFO : EventManager : Event: ======'machine_var_audits_switches_s_left_saucer'====== Args={'value': 0, 'prev_value': None, 'change': True}
2019-12-04 21:25:02,139 : INFO : EventManager : Event: ======'machine_var_audits_switches_s_spinner'====== Args={'value': 0, 'prev_value': None, 'change': True}
2019-12-04 21:25:02,139 : INFO : EventManager : Event: ======'machine_var_audits_switches_s_pop'====== Args={'value': 0, 'prev_value': None, 'change': True}
2019-12-04 21:25:02,139 : INFO : EventManager : Event: ======'machine_var_audits_switches_s_lower_rebound_left'====== Args={'value': 0, 'prev_value': None, 'change': True}
2019-12-04 21:25:02,139 : INFO : EventManager : Event: ======'machine_var_audits_switches_s_drop_six_bank'====== Args={'value': 0, 'prev_value': None, 'change': True}
2019-12-04 21:25:02,139 : INFO : EventManager : Event: ======'machine_var_audits_switches_s_credit_button'====== Args={'value': 0, 'prev_value': None, 'change': True}
2019-12-04 21:25:02,139 : INFO : EventManager : Event: ======'machine_var_audits_switches_s_right_coin'====== Args={'value': 0, 'prev_value': None, 'change': True}
2019-12-04 21:25:02,139 : INFO : EventManager : Event: ======'machine_var_audits_switches_s_center_coin'====== Args={'value': 0, 'prev_value': None, 'change': True}
2019-12-04 21:25:02,140 : INFO : EventManager : Event: ======'machine_var_audits_switches_s_left_coin'====== Args={'value': 0, 'prev_value': None, 'change': True}
2019-12-04 21:25:02,140 : INFO : EventManager : Event: ======'machine_var_audits_switches_s_plumb_bomb_tilt'====== Args={'value': 0, 'prev_value': None, 'change': True}
2019-12-04 21:25:02,140 : INFO : EventManager : Event: ======'machine_var_audits_switches_s_ball_roll_tilt'====== Args={'value': 0, 'prev_value': None, 'change': True}
2019-12-04 21:25:02,140 : INFO : EventManager : Event: ======'machine_var_audits_switches_s_slam_tilt'====== Args={'value': 0, 'prev_value': None, 'change': True}
2019-12-04 21:25:02,140 : INFO : EventManager : Event: ======'machine_var_audits_switches_s_playfield_tilt'====== Args={'value': 0, 'prev_value': None, 'change': True}
2019-12-04 21:25:02,141 : INFO : EventManager : Event: ======'machine_var_audits_player_score'====== Args={'value': {'top': [], 'average': 0, 'total': 0}, 'prev_value': None, 'change': True}
2019-12-04 21:25:02,141 : INFO : EventManager : Event: ======'init_phase_5'====== Args={}
2019-12-04 21:25:02,141 : INFO : Machine : Starting the main run loop.
2019-12-04 21:25:02,143 : INFO : EventManager : Event: ======'init_done'====== Args={}
2019-12-04 21:25:02,143 : INFO : Machine : Shutting down...
2019-12-04 21:25:02,143 : INFO : EventManager : Event: ======'shutdown'====== Args={}
2019-12-04 21:25:02,145 : INFO : EventManager : Event: ======'machine_reset_phase_1'====== Args={}
2019-12-04 21:25:02,146 : INFO : EventManager : Event: ======'machine_reset_phase_2'====== Args={}
2019-12-04 21:25:02,147 : INFO : EventManager : Event: ======'machine_reset_phase_3'====== Args={}
2019-12-04 21:25:02,153 : ERROR : root : [Errno 98] error while attempting to bind on address ('127.0.0.1', 5051): address already in use
Traceback (most recent call last):
  File "/usr/local/lib/python3.7/dist-packages/mpf/commands/game.py", line 220, in __init__
    MachineController(mpf_path, machine_path, vars(self.args)).run()
  File "/usr/local/lib/python3.7/dist-packages/mpf/core/machine.py", line 709, in run
    self._run_loop()
  File "/usr/local/lib/python3.7/dist-packages/mpf/core/machine.py", line 769, in _run_loop
    raise self._exception['exception']
  File "/usr/local/lib/python3.7/dist-packages/mpf/core/bcp/bcp_server.py", line 27, in start
    self._accept_client, self._ip, self._port)
  File "/usr/lib/python3.7/asyncio/streams.py", line 114, in start_server
    return await loop.create_server(factory, host, port, **kwds)
  File "/usr/lib/python3.7/asyncio/base_events.py", line 1378, in create_server
    % (sa, err.strerror.lower())) from None
OSError: [Errno 98] error while attempting to bind on address ('127.0.0.1', 5051): address already in use
